#
# A fatal error has been detected by the Java Runtime Environment:
#
#  EXCEPTION_ACCESS_VIOLATION (0xc0000005) at pc=0x00007ffc5a24c58e, pid=17356, tid=2304
#
# JRE version:  (21.0.7+8) (build )
# Java VM: Java HotSpot(TM) 64-Bit Server VM (21.0.7+8-LTS-245, mixed mode, sharing, tiered, compressed oops, compressed class ptrs, g1 gc, windows-amd64)
# Problematic frame:
# V  [jvm.dll+0x30c58e]
#
# No core dump will be written. Minidumps are not enabled by default on client versions of Windows
#
#

---------------  S U M M A R Y ------------

Command Line: -Xmx16m org.eclipse.jdt.internal.launching.support.LibraryDetector

Host: Intel(R) Core(TM) i5-4310U CPU @ 2.00GHz, 4 cores, 7G,  Windows 10 , 64 bit Build 19041 (10.0.19041.5678)
Time: Mon May 19 13:55:59 2025 W. Central Africa Standard Time elapsed time: 0.128863 seconds (0d 0h 0m 0s)

---------------  T H R E A D  ---------------

Current thread (0x0000019e9a997170):  JavaThread "Unknown thread" [_thread_in_vm, id=2304, stack(0x0000009d66800000,0x0000009d66900000) (1024K)]

Stack: [0x0000009d66800000,0x0000009d66900000],  sp=0x0000009d668ff290,  free space=1020k
Native frames: (J=compiled Java code, j=interpreted, Vv=VM code, C=native code)
V  [jvm.dll+0x30c58e]
V  [jvm.dll+0x30ced8]
V  [jvm.dll+0x675369]
V  [jvm.dll+0x675599]
V  [jvm.dll+0x674951]
V  [jvm.dll+0x670108]
V  [jvm.dll+0x81eb45]
V  [jvm.dll+0x3bb211]
V  [jvm.dll+0x807d78]
V  [jvm.dll+0x4503ee]
V  [jvm.dll+0x451fe1]
C  [jli.dll+0x52a3]
C  [ucrtbase.dll+0x21bb2]
C  [KERNEL32.DLL+0x17374]
C  [ntdll.dll+0x4cc91]


siginfo: EXCEPTION_ACCESS_VIOLATION (0xc0000005), reading address 0x0000000000000000


Registers:
RAX=0x0000a4eaaab59f26, RBX=0x0000000000000000, RCX=0x0000000000000000, RDX=0x0000000000000001
RSP=0x0000009d668ff290, RBP=0x0000000000000001, RSI=0x0000019eae3b6070, RDI=0x0000019e9cafc420
R8 =0x0000000000000001, R9 =0x0000000000000001, R10=0x0000000000000000, R11=0x0000000000000246
R12=0x0000000000000000, R13=0x0000019e9a984a90, R14=0x0000000000000001, R15=0x0000019eae000000
RIP=0x00007ffc5a24c58e, EFLAGS=0x0000000000010246


Top of Stack: (sp=0x0000009d668ff290)
0x0000009d668ff290:   0000000800c90000 0000019eae000000
0x0000009d668ff2a0:   0000019eaec90000 00000196ae000000
0x0000009d668ff2b0:   0000019eae000000 0000000000000001
0x0000009d668ff2c0:   0000009d668ff3d0 0000000000000000
0x0000009d668ff2d0:   0000a4eaaab59fb6 00000196ae000000
0x0000009d668ff2e0:   0000a4eaaab59f26 0000009d668ff520
0x0000009d668ff2f0:   0000019e9cafc420 00007ffc5a24ced8
0x0000009d668ff300:   0000019eae000000 0000000000000000
0x0000009d668ff310:   0000000000000000 0000000000000000
0x0000009d668ff320:   0000019eae000000 0000000001000000
0x0000009d668ff330:   0000000000000000 0000000000010000
0x0000009d668ff340:   0000000000001000 ffffffff9caff500
0x0000009d668ff350:   0000019e9cafc400 00000000000001e4
0x0000009d668ff360:   0000a4eaaab59eb6 0000000000000000
0x0000009d668ff370:   0000000000000000 00007ffc5a5c7510
0x0000009d668ff380:   0000000000000000 0000019e9cafc420
0x0000009d668ff390:   0000009d668ff520 00007ffc5a5b5369
0x0000009d668ff3a0:   0000000000000002 00007ffc5ab0a370
0x0000009d668ff3b0:   0000019e9cafc420 0000019e9cafc420
0x0000009d668ff3c0:   0000009d668ff3d0 0000000000001000
0x0000009d668ff3d0:   0000019eae000000 0000000001000000
0x0000009d668ff3e0:   0000000000000000 0000000000010000
0x0000009d668ff3f0:   0000000000001000 ffffffff9caff500
0x0000009d668ff400:   0000019e9cafc400 0000019e9cafc420
0x0000009d668ff410:   0000000000000000 00007ffc5a5b5599
0x0000009d668ff420:   0000000000000000 0000000001000000
0x0000009d668ff430:   0000019e9aa697a0 0000000000000000
0x0000009d668ff440:   0000009d668ff450 0000009d668ff488
0x0000009d668ff450:   0000019eae000000 0000000001000000
0x0000009d668ff460:   0000000000000000 0000000000010000
0x0000009d668ff470:   0000000000001000 ffffffff9caff500
0x0000009d668ff480:   0000019e9cafc400 0000019eaf000000 

Instructions: (pc=0x00007ffc5a24c58e)
0x00007ffc5a24c48e:   e8 8d 95 db ff 48 8b 05 86 98 90 00 48 85 c0 74
0x00007ffc5a24c49e:   1b 44 0f b6 83 a9 01 00 00 48 8d 0d e2 2d 6c 00
0x00007ffc5a24c4ae:   0f b6 93 a8 01 00 00 e8 d6 46 db ff 0f b6 05 0c
0x00007ffc5a24c4be:   91 91 00 38 83 a8 01 00 00 75 67 0f b6 05 ea 20
0x00007ffc5a24c4ce:   8b 00 38 83 a9 01 00 00 75 58 80 bb 01 03 00 00
0x00007ffc5a24c4de:   00 75 1f 48 8b 05 38 98 90 00 c6 05 31 de 8b 00
0x00007ffc5a24c4ee:   00 48 85 c0 74 0c 48 8d 0d 95 2e 6c 00 e8 90 46
0x00007ffc5a24c4fe:   db ff 80 bb 02 03 00 00 00 75 1f 48 8b 05 10 98
0x00007ffc5a24c50e:   90 00 c6 05 0a de 8b 00 00 48 85 c0 74 0c 48 8d
0x00007ffc5a24c51e:   0d dd 2e 6c 00 e8 68 46 db ff b0 01 48 83 c4 20
0x00007ffc5a24c52e:   5b c3 48 8b 05 e9 97 90 00 48 85 c0 74 0c 48 8d
0x00007ffc5a24c53e:   0d ad 2d 6c 00 e8 48 46 db ff 32 c0 48 83 c4 20
0x00007ffc5a24c54e:   5b c3 48 89 5c 24 10 48 89 6c 24 18 48 89 74 24
0x00007ffc5a24c55e:   20 57 48 83 ec 60 48 8b 05 ad b4 8d 00 48 33 c4
0x00007ffc5a24c56e:   48 89 44 24 50 80 3d 56 1b 8b 00 00 0f b6 ea 48
0x00007ffc5a24c57e:   8b f1 74 17 80 39 00 75 12 48 8b 0d 3a de 90 00
0x00007ffc5a24c58e:   48 8b 01 ff 50 20 48 8b d8 eb 08 48 8b 59 18 48
0x00007ffc5a24c59e:   83 c3 04 48 8b 05 18 df 90 00 40 b7 01 48 85 c0
0x00007ffc5a24c5ae:   74 0f 48 8b d3 48 8d 0d ee 16 6c 00 e8 c1 e5 f0
0x00007ffc5a24c5be:   ff 48 8d 54 24 20 48 8b cb e8 94 cc 3b 00 85 c0
0x00007ffc5a24c5ce:   74 28 40 84 ed 74 23 48 8b 05 4c 97 90 00 48 85
0x00007ffc5a24c5de:   c0 74 47 48 8b d3 48 8d 0d e5 16 6c 00 e8 30 94
0x00007ffc5a24c5ee:   db ff 40 32 ff e9 12 01 00 00 80 3e 02 75 33 48
0x00007ffc5a24c5fe:   8b cb e8 ab 6d 3b 00 84 c0 0f 85 fd 00 00 00 48
0x00007ffc5a24c60e:   8b 05 14 97 90 00 48 85 c0 74 0f 48 8b d3 48 8d
0x00007ffc5a24c61e:   0d dd 16 6c 00 e8 f8 93 db ff 40 32 ff e9 da 00
0x00007ffc5a24c62e:   00 00 48 8b 46 08 48 85 c0 74 07 48 3b 44 24 40
0x00007ffc5a24c63e:   75 0f 48 63 44 24 34 48 39 46 10 0f 84 bb 00 00
0x00007ffc5a24c64e:   00 48 8b 05 d2 96 90 00 40 32 ff 40 38 3d 6b 8f
0x00007ffc5a24c65e:   91 00 74 2b 48 85 c0 0f 84 9f 00 00 00 48 8b 46
0x00007ffc5a24c66e:   08 48 8d 15 aa 16 6c 00 48 3b 44 24 40 48 8d 0d
0x00007ffc5a24c67e:   b6 16 6c 00 48 0f 45 ca e8 95 93 db ff eb 7d 48 



---------------  P R O C E S S  ---------------

Threads class SMR info:
_java_thread_list=0x00007ffc5ab0cc48, length=0, elements={
}

Java Threads: ( => current thread )
Total: 0

Other Threads:
  0x0000019e9cac9ab0 WorkerThread "GC Thread#0"                     [id=10020, stack(0x0000009d66a00000,0x0000009d66b00000) (1024K)]
  0x0000019e9cacaa60 ConcurrentGCThread "G1 Main Marker"            [id=6988, stack(0x0000009d66b00000,0x0000009d66c00000) (1024K)]
  0x0000019e9cacbd70 WorkerThread "G1 Conc#0"                       [id=22196, stack(0x0000009d66c00000,0x0000009d66d00000) (1024K)]
  0x0000019e9caee470 ConcurrentGCThread "G1 Refine#0"               [id=11616, stack(0x0000009d66d00000,0x0000009d66e00000) (1024K)]
  0x0000019e9caf1da0 ConcurrentGCThread "G1 Service"                [id=4896, stack(0x0000009d66e00000,0x0000009d66f00000) (1024K)]

=>0x0000019e9a997170 (exited) JavaThread "Unknown thread"    [_thread_in_vm, id=2304, stack(0x0000009d66800000,0x0000009d66900000) (1024K)]
Total: 6

Threads with active compile tasks:
Total: 0

VM state: not at safepoint (not fully initialized)

VM Mutex/Monitor currently owned by a thread: None

Heap address: 0x00000000ff000000, size: 16 MB, Compressed Oops mode: 32-bit

CDS archive(s) mapped at: [0x0000000000000000-0x0000000000000000-0x0000000000000000), size 0, SharedBaseAddress: 0x0000000800000000, ArchiveRelocationMode: 1.
Narrow klass base: 0x0000000000000000, Narrow klass shift: 0, Narrow klass range: 0x0

GC Precious Log:
 CardTable entry size: 512
 Card Set container configuration: InlinePtr #cards 5 size 8 Array Of Cards #cards 12 size 40 Howl #buckets 4 coarsen threshold 1843 Howl Bitmap #cards 512 size 80 coarsen threshold 460 Card regions per heap region 1 cards per card region 2048
 CPUs: 4 total, 4 available
 Memory: 8073M
 Large Page Support: Disabled
 NUMA Support: Disabled
 Compressed Oops: Enabled (32-bit)
 Heap Region Size: 1M
 Heap Min Capacity: 8M
 Heap Initial Capacity: 16M
 Heap Max Capacity: 16M
 Pre-touch: Disabled
 Parallel Workers: 4
 Concurrent Workers: 1
 Concurrent Refinement Workers: 4
 Periodic GC: Disabled

Heap:
 garbage-first heap   total 16384K, used 0K [0x00000000ff000000, 0x0000000100000000)
  region size 1024K, 0 young (0K), 0 survivors (0K)

[error occurred during error reporting (printing heap information), id 0xc0000005, EXCEPTION_ACCESS_VIOLATION (0xc0000005) at pc=0x00007ffc5a663e79]
GC Heap History (0 events):
No events

Dll operation events (1 events):
Event: 0.020 Loaded shared library C:\Program Files\Java\jdk-21\bin\java.dll

Deoptimization events (0 events):
No events

Classes loaded (0 events):
No events

Classes unloaded (0 events):
No events

Classes redefined (0 events):
No events

Internal exceptions (0 events):
No events

ZGC Phase Switch (0 events):
No events

VM Operations (0 events):
No events

Events (0 events):
No events


Dynamic libraries:
0x00007ff66aad0000 - 0x00007ff66aae0000 	C:\Program Files\Java\jdk-21\bin\javaw.exe
0x00007ffd0d610000 - 0x00007ffd0d808000 	C:\Windows\SYSTEM32\ntdll.dll
0x00007ffd0cde0000 - 0x00007ffd0cea2000 	C:\Windows\System32\KERNEL32.DLL
0x00007ffd0ad40000 - 0x00007ffd0b036000 	C:\Windows\System32\KERNELBASE.dll
0x00007ffd0b530000 - 0x00007ffd0b630000 	C:\Windows\System32\ucrtbase.dll
0x00007ffcf60b0000 - 0x00007ffcf60c9000 	C:\Program Files\Java\jdk-21\bin\jli.dll
0x00007ffd0b720000 - 0x00007ffd0b7cf000 	C:\Windows\System32\ADVAPI32.dll
0x00007ffd0c370000 - 0x00007ffd0c40e000 	C:\Windows\System32\msvcrt.dll
0x00007ffd0c2d0000 - 0x00007ffd0c36f000 	C:\Windows\System32\sechost.dll
0x00007ffd0bf40000 - 0x00007ffd0c063000 	C:\Windows\System32\RPCRT4.dll
0x00007ffd0b040000 - 0x00007ffd0b067000 	C:\Windows\System32\bcrypt.dll
0x00007ffd0c9a0000 - 0x00007ffd0cb3d000 	C:\Windows\System32\USER32.dll
0x00007ffd0b320000 - 0x00007ffd0b342000 	C:\Windows\System32\win32u.dll
0x00007ffd0cc70000 - 0x00007ffd0cc9b000 	C:\Windows\System32\GDI32.dll
0x00007ffd0b070000 - 0x00007ffd0b18a000 	C:\Windows\System32\gdi32full.dll
0x00007ffd0aca0000 - 0x00007ffd0ad3d000 	C:\Windows\System32\msvcp_win.dll
0x00007ffcf2b60000 - 0x00007ffcf2b7b000 	C:\Program Files\Java\jdk-21\bin\VCRUNTIME140.dll
0x00007ffcf55d0000 - 0x00007ffcf586a000 	C:\Windows\WinSxS\amd64_microsoft.windows.common-controls_6595b64144ccf1df_6.0.19041.4355_none_60b8b9eb71f62e16\COMCTL32.dll
0x00007ffd00200000 - 0x00007ffd0020a000 	C:\Windows\SYSTEM32\VERSION.dll
0x00007ffd0b6f0000 - 0x00007ffd0b71f000 	C:\Windows\System32\IMM32.DLL
0x00007ffcf60a0000 - 0x00007ffcf60ac000 	C:\Program Files\Java\jdk-21\bin\vcruntime140_1.dll
0x00007ffcde040000 - 0x00007ffcde0ce000 	C:\Program Files\Java\jdk-21\bin\msvcp140.dll
0x00007ffc59f40000 - 0x00007ffc5ac5a000 	C:\Program Files\Java\jdk-21\bin\server\jvm.dll
0x00007ffd0cf80000 - 0x00007ffd0cfeb000 	C:\Windows\System32\WS2_32.dll
0x00007ffd0ab00000 - 0x00007ffd0ab4b000 	C:\Windows\SYSTEM32\POWRPROF.dll
0x00007ffcf3ac0000 - 0x00007ffcf3ae7000 	C:\Windows\SYSTEM32\WINMM.dll
0x00007ffd0aae0000 - 0x00007ffd0aaf2000 	C:\Windows\SYSTEM32\UMPDC.dll
0x00007ffd08b20000 - 0x00007ffd08b32000 	C:\Windows\SYSTEM32\kernel.appcore.dll
0x00007ffcf3360000 - 0x00007ffcf336a000 	C:\Program Files\Java\jdk-21\bin\jimage.dll
0x00007ffd02660000 - 0x00007ffd02844000 	C:\Windows\SYSTEM32\DBGHELP.DLL
0x00007ffd025f0000 - 0x00007ffd02624000 	C:\Windows\SYSTEM32\dbgcore.DLL
0x00007ffd0b190000 - 0x00007ffd0b212000 	C:\Windows\System32\bcryptPrimitives.dll
0x00007ffcf2680000 - 0x00007ffcf269f000 	C:\Program Files\Java\jdk-21\bin\java.dll

dbghelp: loaded successfully - version: 4.0.5 - missing functions: none
symbol engine: initialized successfully - sym options: 0x614 - pdb path: .;C:\Program Files\Java\jdk-21\bin;C:\Windows\SYSTEM32;C:\Windows\WinSxS\amd64_microsoft.windows.common-controls_6595b64144ccf1df_6.0.19041.4355_none_60b8b9eb71f62e16;C:\Program Files\Java\jdk-21\bin\server

VM Arguments:
jvm_args: -Xmx16m 
java_command: org.eclipse.jdt.internal.launching.support.LibraryDetector
java_class_path (initial): C:\Users\USER\AppData\Roaming\Code\User\globalStorage\redhat.java\1.42.0\config_ss_win\org.eclipse.osgi\39\0\.cp\lib\launchingsupport.jar
Launcher Type: SUN_STANDARD

[Global flags]
     intx CICompilerCount                          = 3                                         {product} {ergonomic}
     uint ConcGCThreads                            = 1                                         {product} {ergonomic}
     uint G1ConcRefinementThreads                  = 4                                         {product} {ergonomic}
   size_t G1HeapRegionSize                         = 1048576                                   {product} {ergonomic}
    uintx GCDrainStackTargetSize                   = 64                                        {product} {ergonomic}
   size_t InitialHeapSize                          = 16777216                                  {product} {ergonomic}
   size_t MarkStackSize                            = 4194304                                   {product} {ergonomic}
   size_t MaxHeapSize                              = 16777216                                  {product} {command line}
   size_t MaxNewSize                               = 9437184                                   {product} {ergonomic}
   size_t MinHeapDeltaBytes                        = 1048576                                   {product} {ergonomic}
   size_t MinHeapSize                              = 8388608                                   {product} {ergonomic}
    uintx NonNMethodCodeHeapSize                   = 5832780                                {pd product} {ergonomic}
    uintx NonProfiledCodeHeapSize                  = 122912730                              {pd product} {ergonomic}
    uintx ProfiledCodeHeapSize                     = 122912730                              {pd product} {ergonomic}
    uintx ReservedCodeCacheSize                    = 251658240                              {pd product} {ergonomic}
     bool SegmentedCodeCache                       = true                                      {product} {ergonomic}
   size_t SoftMaxHeapSize                          = 16777216                               {manageable} {ergonomic}
     bool UseCompressedOops                        = true                           {product lp64_product} {ergonomic}
     bool UseG1GC                                  = true                                      {product} {ergonomic}
     bool UseLargePagesIndividualAllocation        = false                                  {pd product} {ergonomic}

Logging:
Log output configuration:
 #0: stdout all=warning uptime,level,tags foldmultilines=false
 #1: stderr all=off uptime,level,tags foldmultilines=false

Environment Variables:
PATH=C:\Windows\system32;C:\Windows;C:\Windows\System32\Wbem;C:\Windows\System32\WindowsPowerShell\v1.0\;C:\Windows\System32\OpenSSH\;C:\Program Files\Git\cmd;C:\Program Files\nodejs\;C:\ProgramData\chocolatey\bin;C:\Users\USER\AppData\Local\Programs\Python\Python313\Scripts\;C:\Users\USER\AppData\Local\Programs\Python\Python313\;C:\Users\USER\AppData\Local\Programs\Python\Launcher\;C:\Users\USER\AppData\Local\Microsoft\WindowsApps;C:\Users\USER\AppData\Local\Programs\Microsoft VS Code\bin;C:\Users\USER\Desktop\IT\flutter\bin;C:\Users\USER\AppData\Roaming\npm
USERNAME=USER
OS=Windows_NT
PROCESSOR_IDENTIFIER=Intel64 Family 6 Model 69 Stepping 1, GenuineIntel
TMP=C:\Users\USER\AppData\Local\Temp
TEMP=C:\Users\USER\AppData\Local\Temp




Periodic native trim disabled

---------------  S Y S T E M  ---------------

OS:
 Windows 10 , 64 bit Build 19041 (10.0.19041.5678)
OS uptime: 14 days 12:28 hours

CPU: total 4 (initial active 4) (2 cores per cpu, 2 threads per core) family 6 model 69 stepping 1 microcode 0x25, cx8, cmov, fxsr, ht, mmx, sse, sse2, sse3, ssse3, sse4.1, sse4.2, popcnt, lzcnt, tsc, tscinvbit, avx, avx2, aes, erms, clmul, bmi1, bmi2, fma, vzeroupper, clflush, rdtscp, f16c
Processor Information for all 4 processors :
  Max Mhz: 2601, Current Mhz: 2000, Mhz Limit: 1976

Memory: 4k page, system-wide physical 8073M (258M free)
TotalPageFile size 18420M (AvailPageFile size 2293M)
current process WorkingSet (physical memory assigned to process): 23M, peak: 23M
current process commit charge ("private bytes"): 80M, peak: 80M

vm_info: Java HotSpot(TM) 64-Bit Server VM (21.0.7+8-LTS-245) for windows-amd64 JRE (21.0.7+8-LTS-245), built on 2025-02-21T05:11:27Z by "mach5one" with MS VC++ 17.6 (VS2022)

END.
